TN:
SF:src/constants.ts
FNF:0
FNH:0
DA:1,1
DA:3,1
DA:5,1
DA:6,1
DA:8,1
DA:9,1
DA:10,1
DA:11,1
DA:12,1
DA:13,1
DA:14,1
DA:16,1
DA:17,1
LF:13
LH:13
BRF:0
BRH:0
end_of_record
TN:
SF:src/types.ts
FNF:0
FNH:0
DA:1,1
DA:2,1
DA:3,1
DA:6,1
DA:7,1
DA:8,1
DA:11,1
DA:12,1
DA:13,1
DA:16,1
DA:17,1
DA:18,1
DA:19,1
DA:20,1
LF:14
LH:14
BRDA:1,0,0,10
BRDA:6,1,0,10
BRDA:11,2,0,10
BRDA:16,3,0,10
BRF:4
BRH:4
end_of_record
TN:
SF:src/vk-tunnel.ts
FN:6,vkTunnel
FN:23,tunnelData.tunnelData
FN:39,closeTunnelConnection
FNF:3
FNH:3
FNDA:2,vkTunnel
FNDA:2,tunnelData.tunnelData
FNDA:2,closeTunnelConnection
DA:2,1
DA:3,1
DA:4,1
DA:6,2
DA:7,2
DA:8,2
DA:10,2
DA:12,2
DA:13,2
DA:14,2
DA:15,2
DA:16,2
DA:17,2
DA:19,2
DA:21,2
DA:23,2
DA:24,2
DA:25,2
DA:26,2
DA:27,2
DA:28,2
DA:29,0
DA:30,0
DA:31,2
DA:32,2
DA:33,0
DA:34,2
DA:35,2
DA:37,2
DA:38,2
DA:39,2
DA:40,2
DA:41,2
LF:33
LH:30
BRDA:6,0,0,2
BRDA:21,1,0,12
BRDA:23,2,0,2
BRDA:24,3,0,2
BRDA:39,4,0,2
BRF:5
BRH:5
end_of_record
TN:
SF:src/api/axiosWithRetry.ts
FN:12,retryDelay
FN:13,retryCondition
FN:24,axiosWithRetry
FNF:3
FNH:1
FNDA:0,retryDelay
FNDA:0,retryCondition
FNDA:2,axiosWithRetry
DA:1,1
DA:2,1
DA:3,1
DA:8,1
DA:10,1
DA:11,1
DA:12,1
DA:13,1
DA:14,0
DA:15,0
DA:16,1
DA:24,2
DA:25,2
DA:26,2
DA:27,2
DA:28,2
DA:29,2
DA:30,2
DA:31,2
DA:32,0
DA:33,0
DA:34,0
DA:35,2
LF:23
LH:18
BRDA:24,0,0,2
BRDA:31,1,0,0
BRF:2
BRH:1
end_of_record
TN:
SF:src/api/fetchAuthData.ts
FN:10,fetchAuthData
FNF:1
FNH:0
FNDA:0,fetchAuthData
DA:1,1
DA:3,1
DA:10,0
DA:11,0
DA:12,0
DA:13,0
DA:14,0
DA:15,0
DA:16,0
DA:18,0
DA:19,0
LF:11
LH:2
BRF:0
BRH:0
end_of_record
TN:
SF:src/api/fetchTunnelData.ts
FN:30,fetchTunnelData
FN:51,onError
FNF:2
FNH:1
FNDA:2,fetchTunnelData
FNDA:0,onError
DA:1,1
DA:2,1
DA:3,1
DA:30,2
DA:31,2
DA:32,2
DA:33,2
DA:34,2
DA:35,2
DA:36,2
DA:37,2
DA:38,2
DA:39,2
DA:40,2
DA:41,2
DA:42,2
DA:44,2
DA:45,2
DA:46,2
DA:48,2
DA:49,2
DA:50,2
DA:51,2
DA:52,2
DA:54,2
DA:55,2
LF:26
LH:26
BRDA:30,0,0,2
BRDA:44,1,0,0
BRDA:45,2,0,0
BRDA:46,3,0,0
BRF:4
BRH:1
end_of_record
TN:
SF:src/api/fetchUserData.ts
FN:15,fetchUserData
FNF:1
FNH:0
FNDA:0,fetchUserData
DA:1,1
DA:2,1
DA:4,1
DA:15,0
DA:16,0
DA:17,0
DA:18,0
DA:19,0
DA:20,0
DA:21,0
DA:22,0
DA:23,0
DA:24,0
DA:25,0
DA:26,0
DA:27,0
DA:29,0
DA:30,0
LF:18
LH:3
BRF:0
BRH:0
end_of_record
TN:
SF:src/api/index.ts
FNF:0
FNH:0
DA:1,1
DA:2,1
DA:3,1
LF:3
LH:3
BRF:0
BRH:0
end_of_record
TN:
SF:src/entities/HttpProxy.ts
FN:6,HttpProxy
FN:8,getResponseFromProxiedServer
FN:20,validateStatus
FN:32,generateHeadersForVkTunnelBack
FN:61,proxy
FNF:5
FNH:5
FNDA:7,HttpProxy
FNDA:7,getResponseFromProxiedServer
FNDA:7,validateStatus
FNDA:9,generateHeadersForVkTunnelBack
FNDA:10,proxy
DA:1,1
DA:2,1
DA:5,1
DA:6,1
DA:8,1
DA:9,7
DA:10,7
DA:11,7
DA:12,7
DA:13,7
DA:14,7
DA:15,7
DA:16,7
DA:17,7
DA:18,7
DA:19,7
DA:20,7
DA:21,7
DA:22,7
DA:23,7
DA:24,3
DA:25,3
DA:26,3
DA:28,0
DA:29,7
DA:30,7
DA:32,1
DA:33,9
DA:35,9
DA:36,37
DA:37,7
DA:38,7
DA:40,30
DA:41,30
DA:42,0
DA:43,37
DA:44,0
DA:45,0
DA:46,0
DA:48,37
DA:49,2
DA:50,3
DA:51,3
DA:52,37
DA:53,28
DA:54,28
DA:55,37
DA:57,9
DA:58,9
DA:59,9
DA:61,1
DA:62,10
DA:63,10
DA:64,10
DA:65,10
DA:66,10
DA:68,10
DA:70,10
DA:71,1
DA:72,1
DA:74,9
DA:75,9
DA:76,9
DA:77,9
DA:78,9
DA:79,9
DA:81,9
DA:82,7
DA:83,7
DA:84,7
DA:85,7
DA:86,7
DA:87,7
DA:88,7
DA:89,7
DA:90,7
DA:91,7
DA:92,7
DA:93,7
DA:94,7
DA:95,7
DA:96,9
DA:97,10
DA:98,1
LF:84
LH:79
BRDA:6,0,0,7
BRDA:8,1,0,7
BRDA:20,2,0,7
BRDA:23,3,0,3
BRDA:26,4,0,0
BRDA:32,5,0,9
BRDA:35,6,0,37
BRDA:36,7,0,7
BRDA:38,8,0,30
BRDA:41,9,0,0
BRDA:43,10,0,0
BRDA:46,11,0,30
BRDA:48,12,0,2
BRDA:49,13,0,3
BRDA:52,14,0,28
BRDA:61,15,0,10
BRDA:70,16,0,1
BRDA:72,17,0,9
BRDA:81,18,0,7
BRDA:88,19,0,0
BRDA:89,20,0,0
BRDA:90,21,0,0
BRDA:91,22,0,0
BRDA:92,23,0,0
BRDA:93,24,0,0
BRF:25
BRH:16
end_of_record
TN:
SF:src/entities/Logger.ts
FNF:0
FNH:0
DA:1,1
DA:2,1
DA:4,1
DA:5,1
DA:6,1
DA:7,1
DA:8,1
DA:9,1
DA:10,1
DA:11,1
DA:12,1
DA:13,1
LF:12
LH:12
BRF:0
BRH:0
end_of_record
TN:
SF:src/entities/TunnelClient.ts
FN:14,<instance_members_initializer>
FN:27,TunnelClient
FN:38,onConnectionOpen
FN:45,onConnectionClose
FN:49,onConnectionError
FN:53,sendResponseToVkTunnelBack
FN:57,transformPayload
FN:64,parseProxyRequest
FN:85,onMessage
FNF:9
FNH:7
FNDA:4,<instance_members_initializer>
FNDA:4,TunnelClient
FNDA:2,onConnectionOpen
FNDA:0,onConnectionClose
FNDA:0,onConnectionError
FNDA:11,sendResponseToVkTunnelBack
FNDA:13,transformPayload
FNDA:13,parseProxyRequest
FNDA:12,onMessage
DA:2,1
DA:3,1
DA:4,1
DA:5,1
DA:6,1
DA:7,1
DA:14,1
DA:15,4
DA:16,4
DA:17,4
DA:18,4
DA:19,4
DA:21,4
DA:22,4
DA:24,4
DA:25,4
DA:27,4
DA:28,4
DA:29,4
DA:30,4
DA:31,4
DA:32,4
DA:33,4
DA:35,4
DA:36,4
DA:38,4
DA:39,2
DA:40,2
DA:41,2
DA:42,2
DA:43,2
DA:45,4
DA:46,0
DA:47,0
DA:49,4
DA:50,0
DA:51,0
DA:53,4
DA:54,11
DA:55,11
DA:57,4
DA:58,13
DA:59,13
DA:60,13
DA:61,13
DA:62,13
DA:64,4
DA:65,13
DA:66,13
DA:67,13
DA:68,13
DA:69,13
DA:71,13
DA:72,13
DA:73,13
DA:75,13
DA:76,13
DA:77,0
DA:78,13
DA:80,13
DA:82,13
DA:83,13
DA:85,4
DA:86,12
DA:88,12
DA:89,12
DA:91,12
DA:92,7
DA:93,12
DA:94,5
DA:95,5
DA:96,12
DA:97,4
LF:73
LH:68
BRDA:14,0,0,4
BRDA:27,1,0,4
BRDA:38,2,0,2
BRDA:53,3,0,11
BRDA:57,4,0,13
BRDA:64,5,0,13
BRDA:72,6,0,1
BRDA:72,7,0,12
BRDA:75,8,0,11
BRDA:76,9,0,0
BRDA:85,10,0,12
BRDA:91,11,0,9
BRDA:91,12,0,7
BRDA:93,13,0,5
BRF:14
BRH:13
end_of_record
TN:
SF:src/entities/WsProxy.ts
FN:12,<instance_members_initializer>
FN:15,WsProxy
FN:17,filterWebSocketHeaders
FN:30,closeConnection
FN:34,createConnection
FN:89,proxy
FNF:6
FNH:6
FNDA:7,<instance_members_initializer>
FNDA:7,WsProxy
FNDA:3,filterWebSocketHeaders
FNDA:3,closeConnection
FNDA:2,createConnection
FNDA:6,proxy
DA:1,1
DA:2,1
DA:3,1
DA:12,1
DA:13,7
DA:15,7
DA:17,7
DA:18,3
DA:19,3
DA:20,3
DA:21,3
DA:22,3
DA:23,3
DA:25,3
DA:26,3
DA:27,3
DA:28,3
DA:30,7
DA:31,3
DA:32,3
DA:34,7
DA:35,2
DA:36,2
DA:37,2
DA:38,2
DA:39,2
DA:40,2
DA:41,2
DA:42,2
DA:44,2
DA:45,2
DA:46,2
DA:47,2
DA:48,2
DA:50,2
DA:52,2
DA:53,2
DA:54,2
DA:56,2
DA:57,0
DA:58,2
DA:59,2
DA:60,0
DA:62,2
DA:63,2
DA:64,2
DA:66,2
DA:68,2
DA:69,2
DA:70,2
DA:71,2
DA:72,2
DA:74,2
DA:75,2
DA:76,2
DA:77,2
DA:78,2
DA:79,2
DA:81,2
DA:82,2
DA:83,2
DA:84,2
DA:86,2
DA:87,2
DA:89,7
DA:90,6
DA:91,6
DA:92,6
DA:93,6
DA:95,6
DA:96,2
DA:97,2
DA:99,5
DA:100,2
DA:101,2
DA:102,2
DA:103,2
DA:105,5
DA:106,2
DA:107,2
DA:108,6
DA:109,7
LF:82
LH:80
BRDA:12,0,0,7
BRDA:15,1,0,7
BRDA:17,2,0,3
BRDA:26,3,0,61
BRDA:30,4,0,3
BRDA:34,5,0,2
BRDA:45,6,0,0
BRDA:46,7,0,0
BRDA:52,8,0,2
BRDA:53,9,0,2
BRDA:56,10,0,0
BRDA:59,11,0,0
BRDA:66,12,0,1
BRDA:66,13,0,1
BRDA:68,14,0,2
BRDA:74,15,0,2
BRDA:77,16,0,6
BRDA:81,17,0,2
BRDA:89,18,0,6
BRDA:95,19,0,2
BRDA:97,20,0,5
BRDA:97,21,0,4
BRDA:99,22,0,2
BRDA:103,23,0,4
BRDA:105,24,0,2
BRDA:100,25,0,2
BRF:26
BRH:22
end_of_record
TN:
SF:src/entities/index.ts
FNF:0
FNH:0
DA:1,1
DA:2,1
DA:3,1
LF:3
LH:3
BRF:0
BRH:0
end_of_record
TN:
SF:src/helpers/getTunnelConnectionData.ts
FN:13,auth
FN:23,confirmAuth
FN:58,getTunnelConnectionData
FNF:3
FNH:1
FNDA:0,auth
FNDA:0,confirmAuth
FNDA:2,getTunnelConnectionData
DA:1,1
DA:2,1
DA:3,1
DA:4,1
DA:6,1
DA:13,0
DA:14,0
DA:16,0
DA:17,0
DA:18,0
DA:20,0
DA:21,0
DA:23,0
DA:24,0
DA:26,0
DA:27,0
DA:28,0
DA:29,0
DA:30,0
DA:31,0
DA:32,0
DA:33,0
DA:34,0
DA:35,0
DA:36,0
DA:38,0
DA:39,0
DA:40,0
DA:42,0
DA:43,0
DA:45,0
DA:46,0
DA:47,0
DA:49,0
DA:50,0
DA:51,0
DA:52,0
DA:53,0
DA:54,0
DA:55,0
DA:56,0
DA:58,2
DA:59,2
DA:60,2
DA:61,2
DA:63,2
DA:64,0
DA:65,0
DA:66,0
DA:67,0
DA:69,2
DA:70,2
DA:71,2
DA:72,2
DA:73,2
DA:74,2
DA:75,2
DA:76,2
DA:78,2
DA:79,0
DA:80,0
DA:81,0
DA:82,0
DA:83,0
DA:84,0
DA:86,0
DA:87,0
DA:88,0
DA:89,0
DA:91,2
DA:92,2
DA:93,2
DA:94,2
DA:95,2
DA:96,2
DA:97,2
DA:98,2
LF:77
LH:27
BRDA:58,0,0,2
BRDA:63,1,0,0
BRDA:78,2,0,0
BRF:3
BRH:1
end_of_record
TN:
SF:src/helpers/getUserProxyAppSettings.ts
FN:12,getUserProxyAppSettings
FN:35,getDefaultUserProxyAppSettings
FN:50,validateUserProxySettings
FN:119,isZeroOrOne
FNF:4
FNH:4
FNDA:12,getUserProxyAppSettings
FNDA:12,getDefaultUserProxyAppSettings
FNDA:12,validateUserProxySettings
FNDA:18,isZeroOrOne
DA:1,1
DA:2,1
DA:3,1
DA:4,1
DA:12,1
DA:13,12
DA:14,12
DA:15,12
DA:16,12
DA:17,12
DA:18,12
DA:19,12
DA:21,12
DA:22,3
DA:23,3
DA:25,12
DA:26,12
DA:27,12
DA:28,12
DA:29,12
DA:30,12
DA:32,12
DA:33,12
DA:35,12
DA:36,12
DA:37,12
DA:38,12
DA:39,12
DA:40,12
DA:41,12
DA:42,12
DA:43,12
DA:44,12
DA:45,12
DA:46,12
DA:47,12
DA:48,12
DA:50,12
DA:51,12
DA:52,12
DA:53,12
DA:54,12
DA:55,12
DA:56,12
DA:57,12
DA:58,12
DA:59,12
DA:60,12
DA:61,12
DA:62,12
DA:64,12
DA:65,0
DA:66,0
DA:68,12
DA:69,0
DA:70,0
DA:72,12
DA:73,0
DA:74,0
DA:76,12
DA:77,0
DA:78,0
DA:80,12
DA:81,2
DA:82,2
DA:84,12
DA:85,1
DA:86,1
DA:88,9
DA:89,0
DA:90,0
DA:92,9
DA:93,0
DA:94,0
DA:96,9
DA:97,9
DA:98,0
DA:99,12
DA:100,0
DA:101,0
DA:103,12
DA:104,0
DA:105,0
DA:107,9
DA:108,0
DA:109,0
DA:110,0
DA:111,0
DA:112,0
DA:113,0
DA:114,0
DA:116,9
DA:117,9
DA:119,18
DA:120,18
DA:121,18
LF:96
LH:72
BRDA:12,0,0,12
BRDA:21,1,0,3
BRDA:35,2,0,12
BRDA:37,3,0,11
BRDA:38,4,0,11
BRDA:40,5,0,7
BRDA:41,6,0,9
BRDA:43,7,0,11
BRDA:50,8,0,12
BRDA:64,9,0,0
BRDA:68,10,0,0
BRDA:72,11,0,0
BRDA:76,12,0,0
BRDA:80,13,0,10
BRDA:80,14,0,2
BRDA:82,15,0,10
BRDA:84,16,0,10
BRDA:84,17,0,10
BRDA:84,18,0,1
BRDA:86,19,0,9
BRDA:88,20,0,0
BRDA:92,21,0,0
BRDA:97,22,0,0
BRDA:99,23,0,9
BRDA:99,24,0,0
BRDA:103,25,0,0
BRDA:103,26,0,9
BRDA:103,27,0,0
BRDA:107,28,0,0
BRDA:119,29,0,18
BRDA:120,30,0,8
BRF:31
BRH:20
end_of_record
TN:
SF:src/helpers/index.ts
FNF:0
FNH:0
DA:1,1
DA:2,1
DA:3,1
DA:4,1
LF:4
LH:4
BRF:0
BRH:0
end_of_record
TN:
SF:src/helpers/parseHttpRequest.ts
FN:9,parseHttpRequest
FN:20,splitHeaderAndBody
FN:33,findHeaderBodySeparator
FN:45,parseStartLine
FN:54,parseHeaders
FNF:5
FNH:5
FNDA:17,parseHttpRequest
FNDA:17,splitHeaderAndBody
FNDA:17,findHeaderBodySeparator
FNDA:17,parseStartLine
FNDA:17,parseHeaders
DA:3,1
DA:4,1
DA:6,1
DA:7,1
DA:9,1
DA:10,17
DA:11,17
DA:13,17
DA:14,17
DA:15,17
DA:17,17
DA:18,17
DA:20,17
DA:21,17
DA:23,17
DA:24,3
DA:25,3
DA:27,14
DA:28,14
DA:29,14
DA:30,14
DA:31,14
DA:33,17
DA:34,17
DA:35,17
DA:37,17
DA:38,7
DA:39,7
DA:40,7
DA:42,17
DA:43,17
DA:45,17
DA:46,17
DA:48,17
DA:49,17
DA:50,17
DA:51,17
DA:52,17
DA:54,17
DA:55,17
DA:57,17
DA:58,235
DA:59,235
DA:61,235
DA:63,235
DA:64,235
DA:66,235
DA:67,1
DA:68,0
DA:69,1
DA:70,1
DA:71,1
DA:72,235
DA:73,234
DA:74,234
DA:75,235
DA:77,17
DA:78,17
LF:58
LH:57
BRDA:9,0,0,17
BRDA:13,1,0,0
BRDA:20,2,0,17
BRDA:23,3,0,3
BRDA:25,4,0,14
BRDA:33,5,0,17
BRDA:37,6,0,7
BRDA:45,7,0,17
BRDA:49,8,0,0
BRDA:50,9,0,2
BRDA:54,10,0,17
BRDA:57,11,0,235
BRDA:61,12,0,0
BRDA:66,13,0,1
BRDA:67,14,0,0
BRDA:72,15,0,234
BRF:16
BRH:12
end_of_record
TN:
SF:src/helpers/showSuccessLog.ts.ts
FN:3,showSuccessLog
FNF:1
FNH:1
FNDA:2,showSuccessLog
DA:1,1
DA:3,1
DA:4,2
DA:5,2
DA:6,2
DA:7,2
DA:12,2
DA:13,2
DA:14,2
LF:9
LH:9
BRDA:3,0,0,2
BRF:1
BRH:1
end_of_record
